androidExtendLib2/build/intermediates/manifest_merge_blame_file/debug/manifest-merger-blame-debug-report.txt
1<?xml version="1.0" encoding="utf-8"?>
2<manifest xmlns:android="http://schemas.android.com/apk/res/android"
3    package="com.android.extend"
4    android:theme="@android:style/Theme.NoTitleBar.Fullscreen"
5    android:versionCode="1"
6    android:versionName="1.0" >
7
8    <uses-sdk
9        android:minSdkVersion="14"
9-->src\main\AndroidManifest.xml
10        android:targetSdkVersion="22" />
10-->src\main\AndroidManifest.xml
11
12    <application android:allowBackup="true" >
12-->src\main\AndroidManifest.xml:8:5-9:19
12-->src\main\AndroidManifest.xml:8:18-44
13    </application>
14
15</manifest>